<?xml version="1.0" encoding="UTF-8"?>
<project xmlns="http://maven.apache.org/POM/4.0.0"
         xmlns:xsi="http://www.w3.org/2001/XMLSchema-instance"
         xsi:schemaLocation="http://maven.apache.org/POM/4.0.0 http://maven.apache.org/xsd/maven-4.0.0.xsd">
    <modelVersion>4.0.0</modelVersion>

    <parent>
        <artifactId>testpom-parent</artifactId>
        <groupId>nl.rutilo.testpoms</groupId>
        <version>3.2.1-SNAPSHOT</version>
        <relativePath>../../pom.xml</relativePath>
    </parent>

    <name>testpom-name</name>
    <artifactId>testpom</artifactId>
    <version>1.0.0-SNAPSHOT</version>
    <packaging>jar</packaging>
    <description>some description</description>
    <url>http://some.url</url>
    <inceptionYear>2020</inceptionYear>

    <profiles>
        <profile>
            <id>dev</id>
            <modules>
                <module>stubs</module>
                <module>clients</module>
                <module>services</module>
                <module>common</module>
            </modules>
            <activation>
                <activeByDefault>true</activeByDefault>
            </activation>
        </profile>
        <profile>
            <id>other</id>
            <modules>
            </modules>
        </profile>
    </profiles>

    <dependencies>
        <!-- Spring Boot -->
        <dependency>
            <groupId>org.springframework.boot</groupId>
            <artifactId>spring-boot-starter</artifactId>
        </dependency>
        <dependency>
            <groupId>org.springframework.boot</groupId>
            <artifactId>spring-boot-starter-web</artifactId>
        </dependency>

        <!-- testpoms -->
        <dependency>
            <groupId>nl.rutilo.testpoms</groupId>
            <artifactId>testpoms-common</artifactId>
            <version>1.2.3-TEST</version>
        </dependency>
        <dependency>
            <groupId>nl.rutilo.testpoms</groupId>
            <artifactId>testpoms-foobar</artifactId>
            <version>1.0.1-SNAPSHOT</version>
        </dependency>
        <dependency>
            <groupId>nl.rutilo.testpoms</groupId>
            <artifactId>testpoms-totest</artifactId>
            <version>2.1.0</version>
            <scope>test</scope>
        </dependency>

        <!-- common -->
        <dependency>
            <groupId>org.projectlombok</groupId>
            <artifactId>lombok</artifactId>
            <version>2.3-FOR-TESTING</version>
            <scope>provided</scope>
        </dependency>
        <dependency>
            <groupId>org.slf4j</groupId>
            <artifactId>slf4j-ext</artifactId>
        </dependency>

        <!-- Testing -->
        <dependency>
            <groupId>junit</groupId>
            <artifactId>junit</artifactId>
            <scope>test</scope>
        </dependency>
        <dependency>
            <groupId>org.hamcrest</groupId>
            <artifactId>hamcrest-core</artifactId>
            <scope>test</scope>
        </dependency>
        <dependency>
            <groupId>org.springframework.boot</groupId>
            <artifactId>spring-boot-starter-test</artifactId>
            <scope>test</scope>
        </dependency>
    </dependencies>

    <build>
        <plugins>
            <plugin>
                <groupId>pl.project13.maven</groupId>
                <artifactId>git-commit-id-plugin</artifactId>
                <configuration>
                    <useNativeGit>true</useNativeGit>
                </configuration>
            </plugin>
            <plugin>
                <groupId>org.springframework.boot</groupId>
                <artifactId>spring-boot-maven-plugin</artifactId>
            </plugin>
        </plugins>
    </build>
</project>